<?xml version="1.0" encoding="UTF-8"?>
<!-- Generated by org.testng.reporters.JUnitReportReporter -->
<testsuite hostname="Parulikas-MacBook-Pro.local" name="GmailTest.GmailTest.mailsCheck" tests="1" failures="0" timestamp="5 Jan 2018 19:45:20 GMT" time="25.637" errors="0">
  <testcase name="CountMail" time="25.637" classname="GmailTest.GmailTest.mailsCheck"/>
</testsuite> <!-- GmailTest.GmailTest.mailsCheck -->
